2021-05-17 17:42:16.767  INFO 16680 --- [main] a.a.t.s.g.backend.BackendApplication     : Starting BackendApplication using Java 11.0.10 on DESKTOP-G33MCR6 with PID 16680 (C:\Users\Ginonski\21ss-sepm-pr-qse-08\backend\target\classes started by Ginonski in C:\Users\Ginonski\21ss-sepm-pr-qse-08)
2021-05-17 17:42:16.768  INFO 16680 --- [main] a.a.t.s.g.backend.BackendApplication     : No active profile set, falling back to default profiles: default
2021-05-17 17:42:17.213  WARN 16680 --- [main] ConfigServletWebServerApplicationContext : Exception encountered during context initialization - cancelling refresh attempt: org.springframework.beans.factory.support.BeanDefinitionOverrideException: Invalid bean definition with name 'corsConfigurationSource' defined in class path resource [at/ac/tuwien/sepm/groupphase/backend/config/SecurityConfig.class]: Cannot register bean definition [Root bean: class [null]; scope=; abstract=false; lazyInit=null; autowireMode=3; dependencyCheck=0; autowireCandidate=true; primary=false; factoryBeanName=securityConfig; factoryMethodName=corsConfigurationSource; initMethodName=null; destroyMethodName=(inferred); defined in class path resource [at/ac/tuwien/sepm/groupphase/backend/config/SecurityConfig.class]] for bean 'corsConfigurationSource': There is already [Root bean: class [null]; scope=; abstract=false; lazyInit=null; autowireMode=3; dependencyCheck=0; autowireCandidate=true; primary=false; factoryBeanName=customerSecurityConfig; factoryMethodName=corsConfigurationSource; initMethodName=null; destroyMethodName=(inferred); defined in class path resource [at/ac/tuwien/sepm/groupphase/backend/config/CustomerSecurityConfig.class]] bound.
2021-05-17 17:42:17.219  INFO 16680 --- [main] ConditionEvaluationReportLoggingListener : 

Error starting ApplicationContext. To display the conditions report re-run your application with 'debug' enabled.
2021-05-17 17:42:17.229 ERROR 16680 --- [main] o.s.b.d.LoggingFailureAnalysisReporter   : 

***************************
APPLICATION FAILED TO START
***************************

Description:

The bean 'corsConfigurationSource', defined in class path resource [at/ac/tuwien/sepm/groupphase/backend/config/SecurityConfig.class], could not be registered. A bean with that name has already been defined in class path resource [at/ac/tuwien/sepm/groupphase/backend/config/CustomerSecurityConfig.class] and overriding is disabled.

Action:

Consider renaming one of the beans or enabling overriding by setting spring.main.allow-bean-definition-overriding=true

2021-05-17 17:44:10.607  INFO 1000 --- [main] a.a.t.s.g.backend.BackendApplication     : Starting BackendApplication using Java 11.0.10 on DESKTOP-G33MCR6 with PID 1000 (C:\Users\Ginonski\21ss-sepm-pr-qse-08\backend\target\classes started by Ginonski in C:\Users\Ginonski\21ss-sepm-pr-qse-08)
2021-05-17 17:44:10.609  INFO 1000 --- [main] a.a.t.s.g.backend.BackendApplication     : No active profile set, falling back to default profiles: default
2021-05-17 17:44:11.048  WARN 1000 --- [main] ConfigServletWebServerApplicationContext : Exception encountered during context initialization - cancelling refresh attempt: org.springframework.beans.factory.support.BeanDefinitionOverrideException: Invalid bean definition with name 'corsConfigurationSource' defined in class path resource [at/ac/tuwien/sepm/groupphase/backend/config/SecurityConfig.class]: Cannot register bean definition [Root bean: class [null]; scope=; abstract=false; lazyInit=null; autowireMode=3; dependencyCheck=0; autowireCandidate=true; primary=false; factoryBeanName=securityConfig; factoryMethodName=corsConfigurationSource; initMethodName=null; destroyMethodName=(inferred); defined in class path resource [at/ac/tuwien/sepm/groupphase/backend/config/SecurityConfig.class]] for bean 'corsConfigurationSource': There is already [Root bean: class [null]; scope=; abstract=false; lazyInit=null; autowireMode=3; dependencyCheck=0; autowireCandidate=true; primary=false; factoryBeanName=customerSecurityConfig; factoryMethodName=corsConfigurationSource; initMethodName=null; destroyMethodName=(inferred); defined in class path resource [at/ac/tuwien/sepm/groupphase/backend/config/CustomerSecurityConfig.class]] bound.
2021-05-17 17:44:11.054  INFO 1000 --- [main] ConditionEvaluationReportLoggingListener : 

Error starting ApplicationContext. To display the conditions report re-run your application with 'debug' enabled.
2021-05-17 17:44:11.063 ERROR 1000 --- [main] o.s.b.d.LoggingFailureAnalysisReporter   : 

***************************
APPLICATION FAILED TO START
***************************

Description:

The bean 'corsConfigurationSource', defined in class path resource [at/ac/tuwien/sepm/groupphase/backend/config/SecurityConfig.class], could not be registered. A bean with that name has already been defined in class path resource [at/ac/tuwien/sepm/groupphase/backend/config/CustomerSecurityConfig.class] and overriding is disabled.

Action:

Consider renaming one of the beans or enabling overriding by setting spring.main.allow-bean-definition-overriding=true

